android/app/build/intermediates/manifest_merge_blame_file/debug/processDebugMainManifest/manifest-merger-blame-debug-report.txt
1<?xml version="1.0" encoding="utf-8"?>
2<manifest xmlns:android="http://schemas.android.com/apk/res/android"
3    package="com.federated.copilot"
4    android:versionCode="1"
5    android:versionName="1.0" >
6
7    <uses-sdk
8        android:minSdkVersion="24"
9        android:targetSdkVersion="34" />
10
11    <uses-permission android:name="android.permission.INTERNET" />
11-->src\main\AndroidManifest.xml:4:5-67
11-->src\main\AndroidManifest.xml:4:22-64
12    <uses-permission android:name="android.permission.ACCESS_NETWORK_STATE" />
12-->src\main\AndroidManifest.xml:5:5-79
12-->src\main\AndroidManifest.xml:5:22-76
13
14    <permission
14-->[androidx.core:core:1.12.0] AndroidManifest.xml:22:5-24:47
15        android:name="com.federated.copilot.DYNAMIC_RECEIVER_NOT_EXPORTED_PERMISSION"
15-->[androidx.core:core:1.12.0] AndroidManifest.xml:23:9-81
16        android:protectionLevel="signature" />
16-->[androidx.core:core:1.12.0] AndroidManifest.xml:24:9-44
17
18    <uses-permission android:name="com.federated.copilot.DYNAMIC_RECEIVER_NOT_EXPORTED_PERMISSION" />
18-->[androidx.core:core:1.12.0] AndroidManifest.xml:26:5-97
18-->[androidx.core:core:1.12.0] AndroidManifest.xml:26:22-94
19
20    <application
20-->src\main\AndroidManifest.xml:7:5-32:19
21        android:allowBackup="true"
21-->src\main\AndroidManifest.xml:8:9-35
22        android:appComponentFactory="androidx.core.app.CoreComponentFactory"
22-->[androidx.core:core:1.12.0] AndroidManifest.xml:28:18-86
23        android:debuggable="true"
24        android:extractNativeLibs="false"
25        android:label="@string/app_name"
25-->src\main\AndroidManifest.xml:9:9-41
26        android:supportsRtl="true"
26-->src\main\AndroidManifest.xml:10:9-35
27        android:theme="@style/Theme.FederatedCopilot"
27-->src\main\AndroidManifest.xml:11:9-54
28        android:usesCleartextTraffic="true" >
28-->src\main\AndroidManifest.xml:12:9-44
29        <activity
29-->src\main\AndroidManifest.xml:14:9-21:20
30            android:name="com.federated.copilot.MainActivity"
30-->src\main\AndroidManifest.xml:15:13-41
31            android:exported="true" >
31-->src\main\AndroidManifest.xml:16:13-36
32            <intent-filter>
32-->src\main\AndroidManifest.xml:17:13-20:29
33                <action android:name="android.intent.action.MAIN" />
33-->src\main\AndroidManifest.xml:18:17-69
33-->src\main\AndroidManifest.xml:18:25-66
34
35                <category android:name="android.intent.category.LAUNCHER" />
35-->src\main\AndroidManifest.xml:19:17-77
35-->src\main\AndroidManifest.xml:19:27-74
36            </intent-filter>
37        </activity>
38
39        <provider
40            android:name="androidx.core.content.FileProvider"
40-->src\main\AndroidManifest.xml:24:13-62
41            android:authorities="com.federated.copilot.fileprovider"
41-->src\main\AndroidManifest.xml:25:13-64
42            android:exported="false"
42-->src\main\AndroidManifest.xml:26:13-37
43            android:grantUriPermissions="true" >
43-->src\main\AndroidManifest.xml:27:13-47
44            <meta-data
44-->src\main\AndroidManifest.xml:28:13-30:54
45                android:name="android.support.FILE_PROVIDER_PATHS"
45-->src\main\AndroidManifest.xml:29:17-67
46                android:resource="@xml/file_paths" />
46-->src\main\AndroidManifest.xml:30:17-51
47        </provider>
48        <provider
48-->[androidx.emoji2:emoji2:1.2.0] AndroidManifest.xml:24:9-32:20
49            android:name="androidx.startup.InitializationProvider"
49-->[androidx.emoji2:emoji2:1.2.0] AndroidManifest.xml:25:13-67
50            android:authorities="com.federated.copilot.androidx-startup"
50-->[androidx.emoji2:emoji2:1.2.0] AndroidManifest.xml:26:13-68
51            android:exported="false" >
51-->[androidx.emoji2:emoji2:1.2.0] AndroidManifest.xml:27:13-37
52            <meta-data
52-->[androidx.emoji2:emoji2:1.2.0] AndroidManifest.xml:29:13-31:52
53                android:name="androidx.emoji2.text.EmojiCompatInitializer"
53-->[androidx.emoji2:emoji2:1.2.0] AndroidManifest.xml:30:17-75
54                android:value="androidx.startup" />
54-->[androidx.emoji2:emoji2:1.2.0] AndroidManifest.xml:31:17-49
55            <meta-data
55-->[androidx.lifecycle:lifecycle-process:2.6.1] AndroidManifest.xml:29:13-31:52
56                android:name="androidx.lifecycle.ProcessLifecycleInitializer"
56-->[androidx.lifecycle:lifecycle-process:2.6.1] AndroidManifest.xml:30:17-78
57                android:value="androidx.startup" />
57-->[androidx.lifecycle:lifecycle-process:2.6.1] AndroidManifest.xml:31:17-49
58            <meta-data
58-->[androidx.profileinstaller:profileinstaller:1.3.0] AndroidManifest.xml:29:13-31:52
59                android:name="androidx.profileinstaller.ProfileInstallerInitializer"
59-->[androidx.profileinstaller:profileinstaller:1.3.0] AndroidManifest.xml:30:17-85
60                android:value="androidx.startup" />
60-->[androidx.profileinstaller:profileinstaller:1.3.0] AndroidManifest.xml:31:17-49
61        </provider>
62
63        <service
63-->[com.google.android.gms:play-services-mlkit-text-recognition-common:19.0.0] AndroidManifest.xml:9:9-15:19
64            android:name="com.google.mlkit.common.internal.MlKitComponentDiscoveryService"
64-->[com.google.android.gms:play-services-mlkit-text-recognition-common:19.0.0] AndroidManifest.xml:10:13-91
65            android:directBootAware="true"
65-->[com.google.mlkit:common:18.8.0] AndroidManifest.xml:17:13-43
66            android:exported="false" >
66-->[com.google.android.gms:play-services-mlkit-text-recognition-common:19.0.0] AndroidManifest.xml:11:13-37
67            <meta-data
67-->[com.google.android.gms:play-services-mlkit-text-recognition-common:19.0.0] AndroidManifest.xml:12:13-14:85
68                android:name="com.google.firebase.components:com.google.mlkit.vision.text.internal.TextRegistrar"
68-->[com.google.android.gms:play-services-mlkit-text-recognition-common:19.0.0] AndroidManifest.xml:13:17-114
69                android:value="com.google.firebase.components.ComponentRegistrar" />
69-->[com.google.android.gms:play-services-mlkit-text-recognition-common:19.0.0] AndroidManifest.xml:14:17-82
70            <meta-data
70-->[com.google.mlkit:vision-common:17.3.0] AndroidManifest.xml:12:13-14:85
71                android:name="com.google.firebase.components:com.google.mlkit.vision.common.internal.VisionCommonRegistrar"
71-->[com.google.mlkit:vision-common:17.3.0] AndroidManifest.xml:13:17-124
72                android:value="com.google.firebase.components.ComponentRegistrar" />
72-->[com.google.mlkit:vision-common:17.3.0] AndroidManifest.xml:14:17-82
73            <meta-data
73-->[com.google.mlkit:common:18.8.0] AndroidManifest.xml:20:13-22:85
74                android:name="com.google.firebase.components:com.google.mlkit.common.internal.CommonComponentRegistrar"
74-->[com.google.mlkit:common:18.8.0] AndroidManifest.xml:21:17-120
75                android:value="com.google.firebase.components.ComponentRegistrar" />
75-->[com.google.mlkit:common:18.8.0] AndroidManifest.xml:22:17-82
76        </service>
77
78        <provider
78-->[com.google.mlkit:common:18.8.0] AndroidManifest.xml:9:9-13:38
79            android:name="com.google.mlkit.common.internal.MlKitInitProvider"
79-->[com.google.mlkit:common:18.8.0] AndroidManifest.xml:10:13-78
80            android:authorities="com.federated.copilot.mlkitinitprovider"
80-->[com.google.mlkit:common:18.8.0] AndroidManifest.xml:11:13-69
81            android:exported="false"
81-->[com.google.mlkit:common:18.8.0] AndroidManifest.xml:12:13-37
82            android:initOrder="99" />
82-->[com.google.mlkit:common:18.8.0] AndroidManifest.xml:13:13-35
83
84        <activity
84-->[com.google.android.gms:play-services-base:18.1.0] AndroidManifest.xml:20:9-22:45
85            android:name="com.google.android.gms.common.api.GoogleApiActivity"
85-->[com.google.android.gms:play-services-base:18.1.0] AndroidManifest.xml:20:19-85
86            android:exported="false"
86-->[com.google.android.gms:play-services-base:18.1.0] AndroidManifest.xml:22:19-43
87            android:theme="@android:style/Theme.Translucent.NoTitleBar" />
87-->[com.google.android.gms:play-services-base:18.1.0] AndroidManifest.xml:21:19-78
88
89        <meta-data
89-->[com.google.android.gms:play-services-basement:18.1.0] AndroidManifest.xml:21:9-23:69
90            android:name="com.google.android.gms.version"
90-->[com.google.android.gms:play-services-basement:18.1.0] AndroidManifest.xml:22:13-58
91            android:value="@integer/google_play_services_version" />
91-->[com.google.android.gms:play-services-basement:18.1.0] AndroidManifest.xml:23:13-66
92
93        <receiver
93-->[androidx.profileinstaller:profileinstaller:1.3.0] AndroidManifest.xml:34:9-52:20
94            android:name="androidx.profileinstaller.ProfileInstallReceiver"
94-->[androidx.profileinstaller:profileinstaller:1.3.0] AndroidManifest.xml:35:13-76
95            android:directBootAware="false"
95-->[androidx.profileinstaller:profileinstaller:1.3.0] AndroidManifest.xml:36:13-44
96            android:enabled="true"
96-->[androidx.profileinstaller:profileinstaller:1.3.0] AndroidManifest.xml:37:13-35
97            android:exported="true"
97-->[androidx.profileinstaller:profileinstaller:1.3.0] AndroidManifest.xml:38:13-36
98            android:permission="android.permission.DUMP" >
98-->[androidx.profileinstaller:profileinstaller:1.3.0] AndroidManifest.xml:39:13-57
99            <intent-filter>
99-->[androidx.profileinstaller:profileinstaller:1.3.0] AndroidManifest.xml:40:13-42:29
100                <action android:name="androidx.profileinstaller.action.INSTALL_PROFILE" />
100-->[androidx.profileinstaller:profileinstaller:1.3.0] AndroidManifest.xml:41:17-91
100-->[androidx.profileinstaller:profileinstaller:1.3.0] AndroidManifest.xml:41:25-88
101            </intent-filter>
102            <intent-filter>
102-->[androidx.profileinstaller:profileinstaller:1.3.0] AndroidManifest.xml:43:13-45:29
103                <action android:name="androidx.profileinstaller.action.SKIP_FILE" />
103-->[androidx.profileinstaller:profileinstaller:1.3.0] AndroidManifest.xml:44:17-85
103-->[androidx.profileinstaller:profileinstaller:1.3.0] AndroidManifest.xml:44:25-82
104            </intent-filter>
105            <intent-filter>
105-->[androidx.profileinstaller:profileinstaller:1.3.0] AndroidManifest.xml:46:13-48:29
106                <action android:name="androidx.profileinstaller.action.SAVE_PROFILE" />
106-->[androidx.profileinstaller:profileinstaller:1.3.0] AndroidManifest.xml:47:17-88
106-->[androidx.profileinstaller:profileinstaller:1.3.0] AndroidManifest.xml:47:25-85
107            </intent-filter>
108            <intent-filter>
108-->[androidx.profileinstaller:profileinstaller:1.3.0] AndroidManifest.xml:49:13-51:29
109                <action android:name="androidx.profileinstaller.action.BENCHMARK_OPERATION" />
109-->[androidx.profileinstaller:profileinstaller:1.3.0] AndroidManifest.xml:50:17-95
109-->[androidx.profileinstaller:profileinstaller:1.3.0] AndroidManifest.xml:50:25-92
110            </intent-filter>
111        </receiver>
112
113        <service
113-->[com.google.android.datatransport:transport-backend-cct:2.3.3] AndroidManifest.xml:29:9-35:19
114            android:name="com.google.android.datatransport.runtime.backends.TransportBackendDiscovery"
114-->[com.google.android.datatransport:transport-backend-cct:2.3.3] AndroidManifest.xml:30:13-103
115            android:exported="false" >
115-->[com.google.android.datatransport:transport-backend-cct:2.3.3] AndroidManifest.xml:31:13-37
116            <meta-data
116-->[com.google.android.datatransport:transport-backend-cct:2.3.3] AndroidManifest.xml:32:13-34:39
117                android:name="backend:com.google.android.datatransport.cct.CctBackendFactory"
117-->[com.google.android.datatransport:transport-backend-cct:2.3.3] AndroidManifest.xml:33:17-94
118                android:value="cct" />
118-->[com.google.android.datatransport:transport-backend-cct:2.3.3] AndroidManifest.xml:34:17-36
119        </service>
120        <service
120-->[com.google.android.datatransport:transport-runtime:2.2.6] AndroidManifest.xml:26:9-30:19
121            android:name="com.google.android.datatransport.runtime.scheduling.jobscheduling.JobInfoSchedulerService"
121-->[com.google.android.datatransport:transport-runtime:2.2.6] AndroidManifest.xml:27:13-117
122            android:exported="false"
122-->[com.google.android.datatransport:transport-runtime:2.2.6] AndroidManifest.xml:28:13-37
123            android:permission="android.permission.BIND_JOB_SERVICE" >
123-->[com.google.android.datatransport:transport-runtime:2.2.6] AndroidManifest.xml:29:13-69
124        </service>
125
126        <receiver
126-->[com.google.android.datatransport:transport-runtime:2.2.6] AndroidManifest.xml:32:9-34:40
127            android:name="com.google.android.datatransport.runtime.scheduling.jobscheduling.AlarmManagerSchedulerBroadcastReceiver"
127-->[com.google.android.datatransport:transport-runtime:2.2.6] AndroidManifest.xml:33:13-132
128            android:exported="false" />
128-->[com.google.android.datatransport:transport-runtime:2.2.6] AndroidManifest.xml:34:13-37
129    </application>
130
131</manifest>